  DarkSouls2RandomWeaponMod.cpp
c:\users\genos\documents\visual studio 2017\projects\darksouls2randomweaponmod\darksouls2randomweaponmod\utilities.h(61): warning C4101: 'max': unreferenced local variable
c:\users\genos\documents\visual studio 2017\projects\darksouls2randomweaponmod\darksouls2randomweaponmod\utilities.h(60): warning C4101: 'min': unreferenced local variable
c:\users\genos\documents\visual studio 2017\projects\darksouls2randomweaponmod\darksouls2randomweaponmod\utilities.h(134): warning C4311: 'type cast': pointer truncation from 'BYTE *' to 'int'
c:\users\genos\documents\visual studio 2017\projects\darksouls2randomweaponmod\darksouls2randomweaponmod\utilities.h(134): warning C4302: 'type cast': truncation from 'BYTE *' to 'int'
c:\users\genos\documents\visual studio 2017\projects\darksouls2randomweaponmod\darksouls2randomweaponmod\darksouls2randomweaponmod.cpp(137): warning C4312: 'type cast': conversion from 'DWORD' to 'LPVOID *' of greater size
c:\users\genos\documents\visual studio 2017\projects\darksouls2randomweaponmod\darksouls2randomweaponmod\darksouls2randomweaponmod.cpp(138): warning C4312: 'type cast': conversion from 'DWORD' to 'LPVOID *' of greater size
c:\users\genos\documents\visual studio 2017\projects\darksouls2randomweaponmod\darksouls2randomweaponmod\darksouls2randomweaponmod.cpp(139): warning C4312: 'type cast': conversion from 'DWORD' to 'LPVOID *' of greater size
c:\users\genos\documents\visual studio 2017\projects\darksouls2randomweaponmod\darksouls2randomweaponmod\darksouls2randomweaponmod.cpp(141): warning C4312: 'type cast': conversion from 'DWORD' to 'LPVOID *' of greater size
c:\users\genos\documents\visual studio 2017\projects\darksouls2randomweaponmod\darksouls2randomweaponmod\darksouls2randomweaponmod.cpp(142): warning C4312: 'type cast': conversion from 'DWORD' to 'LPVOID *' of greater size
c:\users\genos\documents\visual studio 2017\projects\darksouls2randomweaponmod\darksouls2randomweaponmod\darksouls2randomweaponmod.cpp(143): warning C4312: 'type cast': conversion from 'DWORD' to 'LPVOID *' of greater size
c:\users\genos\documents\visual studio 2017\projects\darksouls2randomweaponmod\darksouls2randomweaponmod\darksouls2randomweaponmod.cpp(145): warning C4312: 'type cast': conversion from 'DWORD' to 'LPVOID *' of greater size
c:\users\genos\documents\visual studio 2017\projects\darksouls2randomweaponmod\darksouls2randomweaponmod\darksouls2randomweaponmod.cpp(146): warning C4312: 'type cast': conversion from 'DWORD' to 'LPVOID *' of greater size
c:\users\genos\documents\visual studio 2017\projects\darksouls2randomweaponmod\darksouls2randomweaponmod\darksouls2randomweaponmod.cpp(147): warning C4312: 'type cast': conversion from 'DWORD' to 'LPVOID *' of greater size
c:\users\genos\documents\visual studio 2017\projects\darksouls2randomweaponmod\darksouls2randomweaponmod\darksouls2randomweaponmod.cpp(148): warning C4312: 'type cast': conversion from 'DWORD' to 'LPVOID *' of greater size
c:\users\genos\documents\visual studio 2017\projects\darksouls2randomweaponmod\darksouls2randomweaponmod\darksouls2randomweaponmod.cpp(150): warning C4312: 'type cast': conversion from 'DWORD' to 'LPVOID *' of greater size
c:\users\genos\documents\visual studio 2017\projects\darksouls2randomweaponmod\darksouls2randomweaponmod\darksouls2randomweaponmod.cpp(151): warning C4312: 'type cast': conversion from 'DWORD' to 'LPVOID *' of greater size
c:\users\genos\documents\visual studio 2017\projects\darksouls2randomweaponmod\darksouls2randomweaponmod\darksouls2randomweaponmod.cpp(152): warning C4312: 'type cast': conversion from 'DWORD' to 'LPVOID *' of greater size
c:\users\genos\documents\visual studio 2017\projects\darksouls2randomweaponmod\darksouls2randomweaponmod\darksouls2randomweaponmod.cpp(153): warning C4312: 'type cast': conversion from 'DWORD' to 'LPVOID *' of greater size
c:\users\genos\documents\visual studio 2017\projects\darksouls2randomweaponmod\darksouls2randomweaponmod\darksouls2randomweaponmod.cpp(157): warning C4312: 'type cast': conversion from 'DWORD' to 'LPVOID *' of greater size
c:\users\genos\documents\visual studio 2017\projects\darksouls2randomweaponmod\darksouls2randomweaponmod\darksouls2randomweaponmod.cpp(164): warning C4312: 'type cast': conversion from 'DWORD' to 'LPVOID *' of greater size
c:\users\genos\documents\visual studio 2017\projects\darksouls2randomweaponmod\darksouls2randomweaponmod\darksouls2randomweaponmod.cpp(166): warning C4312: 'type cast': conversion from 'DWORD' to 'LPVOID *' of greater size
c:\users\genos\documents\visual studio 2017\projects\darksouls2randomweaponmod\darksouls2randomweaponmod\darksouls2randomweaponmod.cpp(170): warning C4312: 'type cast': conversion from 'DWORD' to 'LPVOID *' of greater size
c:\users\genos\documents\visual studio 2017\projects\darksouls2randomweaponmod\darksouls2randomweaponmod\darksouls2randomweaponmod.cpp(179): warning C4312: 'type cast': conversion from 'DWORD' to 'LPVOID *' of greater size
c:\users\genos\documents\visual studio 2017\projects\darksouls2randomweaponmod\darksouls2randomweaponmod\darksouls2randomweaponmod.cpp(181): warning C4312: 'type cast': conversion from 'DWORD' to 'LPVOID *' of greater size
c:\users\genos\documents\visual studio 2017\projects\darksouls2randomweaponmod\darksouls2randomweaponmod\darksouls2randomweaponmod.cpp(182): warning C4244: 'argument': conversion from 'double' to 'DWORD', possible loss of data
  DarkSouls2RandomWeaponMod.vcxproj -> C:\Users\Genos\Documents\Visual Studio 2017\Projects\DarkSouls2RandomWeaponMod\x64\Debug\DarkSouls2RandomWeaponMod.exe
  DarkSouls2RandomWeaponMod.vcxproj -> C:\Users\Genos\Documents\Visual Studio 2017\Projects\DarkSouls2RandomWeaponMod\x64\Debug\DarkSouls2RandomWeaponMod.pdb (Partial PDB)
